#
# A fatal error has been detected by the Java Runtime Environment:
#
#  EXCEPTION_ACCESS_VIOLATION (0xc0000005) at pc=0x00007fff51fde583, pid=11476, tid=176864
#
# JRE version: Java(TM) SE Runtime Environment (14.0.1+7) (build 14.0.1+7)
# Java VM: Java HotSpot(TM) 64-Bit Server VM (14.0.1+7, mixed mode, sharing, tiered, compressed oops, g1 gc, windows-amd64)
# Problematic frame:
# V  [jvm.dll+0x33e583]
#
# No core dump will be written. Minidumps are not enabled by default on client versions of Windows
#
# If you would like to submit a bug report, please visit:
#   https://bugreport.java.com/bugreport/crash.jsp
#

---------------  S U M M A R Y ------------

Command Line: -agentlib:jdwp=transport=dt_socket,address=127.0.0.1:51917,suspend=y,server=n -Dfile.encoding=UTF-8 Test

Host: Intel(R) Core(TM) i5-8265U CPU @ 1.60GHz, 8 cores, 3G,  Windows 10 , 64 bit Build 18362 (10.0.18362.329)
Time: Sat Oct 17 10:05:23 2020 ?D1¨²¡À¨º¡Á?¨º¡À?? elapsed time: 136 seconds (0d 0h 2m 16s)

---------------  T H R E A D  ---------------

Current thread (0x00000173625da000):  JavaThread "Thread-47726" [_thread_in_vm, id=176864, stack(0x0000000e90f00000,0x0000000e91000000)]

Stack: [0x0000000e90f00000,0x0000000e91000000],  sp=0x0000000e90fff140,  free space=1020k
Native frames: (J=compiled Java code, j=interpreted, Vv=VM code, C=native code)
V  [jvm.dll+0x33e583]
V  [jvm.dll+0x5f8332]
V  [jvm.dll+0x33f07c]
V  [jvm.dll+0x33f307]
V  [jvm.dll+0x3b4f91]
V  [jvm.dll+0x706a9d]
V  [jvm.dll+0x6ff8ba]
